INFO:werkzeug:[31m[1mWARNING: This is a development server. Do not use it in a production deployment. Use a production WSGI server instead.[0m
 * Running on all addresses (0.0.0.0)
 * Running on http://127.0.0.1:5000
 * Running on http://192.168.1.104:5000
INFO:werkzeug:[33mPress CTRL+C to quit[0m
INFO:werkzeug: * Restarting with stat
WARNING:werkzeug: * Debugger is active!
INFO:werkzeug: * Debugger PIN: 482-349-711
WARNING:bs4.dammit:Some characters could not be decoded, and were replaced with REPLACEMENT CHARACTER.
INFO:werkzeug:127.0.0.1 - - [25/Jan/2026 21:35:19] "POST /api/scrape HTTP/1.1" 200 -
WARNING:bs4.dammit:Some characters could not be decoded, and were replaced with REPLACEMENT CHARACTER.
INFO:werkzeug:127.0.0.1 - - [25/Jan/2026 21:39:06] "POST /api/scrape HTTP/1.1" 200 -
INFO:werkzeug: * Detected change in 'C:\\Users\\Krishna\\OneDrive\\Desktop\\future\\backend\\app.py', reloading
Exception in thread Thread-1 (serve_forever):
Traceback (most recent call last):
  File "C:\Users\Krishna\AppData\Local\Programs\Python\Python311\Lib\threading.py", line 1045, in _bootstrap_inner
    self.run()
  File "C:\Users\Krishna\AppData\Local\Programs\Python\Python311\Lib\threading.py", line 982, in run
    self._target(*self._args, **self._kwargs)
  File "C:\Users\Krishna\AppData\Local\Programs\Python\Python311\Lib\site-packages\werkzeug\serving.py", line 819, in serve_forever
    super().serve_forever(poll_interval=poll_interval)
  File "C:\Users\Krishna\AppData\Local\Programs\Python\Python311\Lib\socketserver.py", line 233, in serve_forever
    ready = selector.select(poll_interval)
            ^^^^^^^^^^^^^^^^^^^^^^^^^^^^^^
  File "C:\Users\Krishna\AppData\Local\Programs\Python\Python311\Lib\selectors.py", line 323, in select
    r, w, _ = self._select(self._readers, self._writers, [], timeout)
              ^^^^^^^^^^^^^^^^^^^^^^^^^^^^^^^^^^^^^^^^^^^^^^^^^^^^^^^
  File "C:\Users\Krishna\AppData\Local\Programs\Python\Python311\Lib\selectors.py", line 314, in _select
    r, w, x = select.select(r, w, w, timeout)
              ^^^^^^^^^^^^^^^^^^^^^^^^^^^^^^^
OSError: [WinError 10038] An operation was attempted on something that is not a socket
INFO:werkzeug: * Restarting with stat
WARNING:werkzeug: * Debugger is active!
INFO:werkzeug: * Debugger PIN: 482-349-711
